<?xml version="1.0" encoding="UTF-8"?>
<!-- Generated by org.testng.reporters.JUnitReportReporter -->
<testsuite skipped="2" hostname="arpith13" name="Framework.HybridAppTesting" tests="3" failures="0" timestamp="2021-05-29T13:54:50 IST" time="72.357" errors="0">
  <testcase name="testcase2" time="72.357" classname="Framework.HybridAppTesting"/>
  <system-out/>
  <testcase name="testcase3" classname="Framework.HybridAppTesting">
    <skipped/>
  </testcase> <!-- testcase3 -->
  <system-out/>
  <testcase name="testcase1" classname="Framework.HybridAppTesting">
    <skipped/>
  </testcase> <!-- testcase1 -->
  <system-out/>
</testsuite> <!-- Framework.HybridAppTesting -->
