<?xml version="1.0" encoding="UTF-8"?>
<!-- Generated by org.testng.reporters.JUnitReportReporter -->
<testsuite skipped="0" hostname="arpith13" name="Framework.HybridAppTesting" tests="4" failures="0" timestamp="2021-06-01T00:18:15 IST" time="133.288" errors="0">
  <testcase name="Navigating_to_Practice_Test_page" time="29.326" classname="Framework.HybridAppTesting"/>
  <system-out/>
  <testcase name="Edit_My_Courses" time="14.386" classname="Framework.HybridAppTesting"/>
  <system-out/>
  <testcase name="BookMark_Math_Course" time="10.860" classname="Framework.HybridAppTesting"/>
  <system-out/>
  <testcase name="Viwed_Biology_Video" time="78.716" classname="Framework.HybridAppTesting"/>
  <system-out/>
</testsuite> <!-- Framework.HybridAppTesting -->
